<html>
<body>
<pre>
<h1>Vision3 Build Log</h1>
<h2>Project:</h2>
D:\CD1-EMSBC2410产品资料\CD1-EMSBC2410产品资料\03_程序源码\01_MDK Code\12_KeyBoardTest\KeyBoardTest.uv2
Project File Date:  05/02/2017

<h2>Output:</h2>
Build target 'KeyBoradTestInRam'
assembling S3C2410A.s...
S3C2410A.s(988): warning: A1786W: This instruction using SP is deprecated in ARMv7
compiling iic_8led.c...
compiling iic_keybd.c...
compiling keyboard_test.c...
compiling main.c...
compiling 2410lib.c...
compiling sys_init.c...
linking...
Program Size: Code=17748 RO-data=612 RW-data=24 ZI-data=59488  
".\SDRAM\KeyBoardTest.axf" - 0 Error(s), 1 Warning(s).
Build target 'KeyBoradTestInRam'
assembling S3C2410A.s...
S3C2410A.s(988): warning: A1786W: This instruction using SP is deprecated in ARMv7
compiling iic_8led.c...
compiling iic_keybd.c...
compiling keyboard_test.c...
keyboard_test.c(76): error:  #7: unrecognized token
keyboard_test.c(76): error:  #29: expected an expression
keyboard_test.c(76): error:  #7: unrecognized token
compiling main.c...
main.c(19): error:  #7: unrecognized token
main.c(19): error:  #169: expected a declaration
main.c(19): error:  #7: unrecognized token
main.c(37): warning: At end of source:  #12-D: parsing restarts here after previous syntax error
compiling 2410lib.c...
compiling sys_init.c...
Target not created
Build target 'KeyBoradTestInRam'
assembling S3C2410A.s...
S3C2410A.s(988): warning: A1786W: This instruction using SP is deprecated in ARMv7
compiling iic_8led.c...
compiling iic_keybd.c...
compiling keyboard_test.c...
keyboard_test.c(76): error:  #7: unrecognized token
keyboard_test.c(76): error:  #29: expected an expression
keyboard_test.c(76): error:  #7: unrecognized token
compiling main.c...
main.c(19): error:  #7: unrecognized token
main.c(19): error:  #169: expected a declaration
main.c(19): error:  #7: unrecognized token
main.c(37): warning: At end of source:  #12-D: parsing restarts here after previous syntax error
compiling 2410lib.c...
compiling sys_init.c...
Target not created
Build target 'KeyBoradTestInRam'
assembling S3C2410A.s...
S3C2410A.s(988): warning: A1786W: This instruction using SP is deprecated in ARMv7
compiling iic_8led.c...
compiling iic_keybd.c...
compiling keyboard_test.c...
keyboard_test.c(76): error:  #7: unrecognized token
keyboard_test.c(76): error:  #29: expected an expression
keyboard_test.c(76): error:  #7: unrecognized token
compiling main.c...
main.c(19): error:  #7: unrecognized token
main.c(19): error:  #169: expected a declaration
main.c(19): error:  #7: unrecognized token
main.c(37): warning: At end of source:  #12-D: parsing restarts here after previous syntax error
compiling 2410lib.c...
compiling sys_init.c...
Target not created
Build target 'KeyBoradTestInRam'
assembling S3C2410A.s...
S3C2410A.s(988): warning: A1786W: This instruction using SP is deprecated in ARMv7
compiling iic_8led.c...
compiling iic_keybd.c...
compiling keyboard_test.c...
keyboard_test.c(76): error:  #7: unrecognized token
keyboard_test.c(76): error:  #29: expected an expression
keyboard_test.c(76): error:  #7: unrecognized token
compiling main.c...
main.c(19): error:  #7: unrecognized token
main.c(19): error:  #169: expected a declaration
main.c(19): error:  #7: unrecognized token
main.c(37): warning: At end of source:  #12-D: parsing restarts here after previous syntax error
compiling 2410lib.c...
compiling sys_init.c...
Target not created
